<?xml version="1.0" encoding="UTF-8"?>
<!-- Generated by org.testng.reporters.JUnitReportReporter -->
<testsuite hostname="AUTOMATION" failures="0" tests="2" name="org.TestNg.Practice.PracticeTest1" time="0.018" errors="0" timestamp="18 Jul 2022 23:40:24 GMT">
  <testcase classname="org.TestNg.Practice.PracticeTest1" name="displayTest" time="0.004"/>
  <testcase classname="org.TestNg.Practice.PracticeTest1" name="display1Test" time="0.014"/>
</testsuite> <!-- org.TestNg.Practice.PracticeTest1 -->
