<?xml version="1.0" encoding="UTF-8"?>
<!-- Generated by org.testng.reporters.JUnitReportReporter -->
<testsuite hostname="AUTOMATION" failures="0" tests="2" name="org.TestNg.Practice.TestNGPracticeTest2" time="0.003" errors="0" timestamp="18 Jul 2022 09:49:44 GMT">
  <testcase classname="org.TestNg.Practice.TestNGPracticeTest2" name="display1" time="0.001"/>
  <testcase classname="org.TestNg.Practice.TestNGPracticeTest2" name="display" time="0.002"/>
</testsuite> <!-- org.TestNg.Practice.TestNGPracticeTest2 -->
