<?xml version="1.0" encoding="UTF-8"?>
<!-- Generated by org.testng.reporters.JUnitReportReporter -->
<testsuite hostname="AUTOMATION" failures="0" tests="1" name="org.TestNg.Practice.TestNGClassPracticeTest1" time="0.015" errors="0" timestamp="18 Jul 2022 12:26:26 GMT">
  <testcase classname="org.TestNg.Practice.TestNGClassPracticeTest1" name="displayTest" time="0.015"/>
</testsuite> <!-- org.TestNg.Practice.TestNGClassPracticeTest1 -->
